05/27/2026 06:52:14 - INFO - __main__ - [RANK 0] Distributed environment: MULTI_GPU  Backend: nccl
Num processes: 4
Process index: 0
Local process index: 0
Device: cuda:0

Mixed precision type: bf16

Loading weights:   0%|          | 0/219 [00:00<?, ?it/s]Loading weights: 100%|██████████| 219/219 [00:00<00:00, 11968.42it/s]
Instantiating CogVideoXTransformer3DModel model under default dtype torch.bfloat16.
{'patch_bias', 'ofs_embed_dim', 'patch_size_t'} was not found in config. Values will be initialized to default values.
Loading checkpoint shards:   0%|          | 0/3 [00:00<?, ?it/s]Loading checkpoint shards: 100%|██████████| 3/3 [00:00<00:00, 69.35it/s]
All model checkpoint weights were used when initializing CogVideoXTransformer3DModel.

All the weights of CogVideoXTransformer3DModel were initialized from the model checkpoint at /project/llmsvgen/sunkai/robomaster_3d/CoAF/training/cog_video_training/models/CogVideoX-5b-I2V.
If your task is similar to the task the model of the checkpoint was trained on, you can already use CogVideoXTransformer3DModel for predictions without further training.
All model checkpoint weights were used when initializing AutoencoderKLCogVideoX.

All the weights of AutoencoderKLCogVideoX were initialized from the model checkpoint at /project/llmsvgen/sunkai/robomaster_3d/CoAF/training/cog_video_training/models/CogVideoX-5b-I2V.
If your task is similar to the task the model of the checkpoint was trained on, you can already use AutoencoderKLCogVideoX for predictions without further training.
/project/llmsvgen/sunkai/robomaster_3d/Casual_CoAF/training/cog_video_training/finetrainers/examples/_legacy/training/cogvideox/cogvideox_image_to_video_lora_i2av.py:464: FutureWarning: You are using `torch.load` with `weights_only=False` (the current default value), which uses the default pickle module implicitly. It is possible to construct malicious pickle data which will execute arbitrary code during unpickling (See https://github.com/pytorch/pytorch/blob/main/SECURITY.md#untrusted-models for more details). In a future release, the default value for `weights_only` will be flipped to `True`. This limits the functions that could be executed during unpickling. Arbitrary objects will no longer be allowed to be loaded via this mode unless they are explicitly allowlisted by the user via `torch.serialization.add_safe_globals`. We recommend you start setting `weights_only=True` for any use case where you don't have full control of the loaded file. Please open an issue on GitHub for any issues related to this experimental feature.
  norm_stats = torch.load(args.state_norm_stats, map_location="cpu")
05/27/2026 06:52:15 - INFO - __main__ - [RANK 0] Enabled temporal causal attention: CausalAttentionMeta(text_seq_length=230, num_latent_frames=13, patches_per_frame=256, num_pixel_frames=49, pixel_height=256, pixel_width=256, patch_size=2, vae_scale_factor_spatial=8, sequence_length=3662, sa_per_frame=8, s0_cond_tokens=4, tokens_per_step=264, enable_state_action=True)
05/27/2026 06:52:16 - INFO - __main__ - [RANK 3] Distributed environment: MULTI_GPU  Backend: nccl
Num processes: 4
Process index: 3
Local process index: 3
Device: cuda:3

Mixed precision type: bf16

05/27/2026 06:52:16 - INFO - __main__ - [RANK 1] Distributed environment: MULTI_GPU  Backend: nccl
Num processes: 4
Process index: 1
Local process index: 1
Device: cuda:1

Mixed precision type: bf16

05/27/2026 06:52:16 - INFO - __main__ - [RANK 2] Distributed environment: MULTI_GPU  Backend: nccl
Num processes: 4
Process index: 2
Local process index: 2
Device: cuda:2

Mixed precision type: bf16

Loading weights:   0%|          | 0/219 [00:00<?, ?it/s]Loading weights: 100%|██████████| 219/219 [00:00<00:00, 10449.38it/s]
Loading weights:   0%|          | 0/219 [00:00<?, ?it/s]Loading weights: 100%|██████████| 219/219 [00:00<00:00, 12027.82it/s]
Loading weights:   0%|          | 0/219 [00:00<?, ?it/s]Loading weights: 100%|██████████| 219/219 [00:00<00:00, 13632.83it/s]
/project/llmsvgen/sunkai/robomaster_3d/Casual_CoAF/training/cog_video_training/finetrainers/examples/_legacy/training/cogvideox/cogvideox_image_to_video_lora_i2av.py:464: FutureWarning: You are using `torch.load` with `weights_only=False` (the current default value), which uses the default pickle module implicitly. It is possible to construct malicious pickle data which will execute arbitrary code during unpickling (See https://github.com/pytorch/pytorch/blob/main/SECURITY.md#untrusted-models for more details). In a future release, the default value for `weights_only` will be flipped to `True`. This limits the functions that could be executed during unpickling. Arbitrary objects will no longer be allowed to be loaded via this mode unless they are explicitly allowlisted by the user via `torch.serialization.add_safe_globals`. We recommend you start setting `weights_only=True` for any use case where you don't have full control of the loaded file. Please open an issue on GitHub for any issues related to this experimental feature.
  norm_stats = torch.load(args.state_norm_stats, map_location="cpu")
/project/llmsvgen/sunkai/robomaster_3d/Casual_CoAF/training/cog_video_training/finetrainers/examples/_legacy/training/cogvideox/cogvideox_image_to_video_lora_i2av.py:464: FutureWarning: You are using `torch.load` with `weights_only=False` (the current default value), which uses the default pickle module implicitly. It is possible to construct malicious pickle data which will execute arbitrary code during unpickling (See https://github.com/pytorch/pytorch/blob/main/SECURITY.md#untrusted-models for more details). In a future release, the default value for `weights_only` will be flipped to `True`. This limits the functions that could be executed during unpickling. Arbitrary objects will no longer be allowed to be loaded via this mode unless they are explicitly allowlisted by the user via `torch.serialization.add_safe_globals`. We recommend you start setting `weights_only=True` for any use case where you don't have full control of the loaded file. Please open an issue on GitHub for any issues related to this experimental feature.
  norm_stats = torch.load(args.state_norm_stats, map_location="cpu")
/project/llmsvgen/sunkai/robomaster_3d/Casual_CoAF/training/cog_video_training/finetrainers/examples/_legacy/training/cogvideox/cogvideox_image_to_video_lora_i2av.py:464: FutureWarning: You are using `torch.load` with `weights_only=False` (the current default value), which uses the default pickle module implicitly. It is possible to construct malicious pickle data which will execute arbitrary code during unpickling (See https://github.com/pytorch/pytorch/blob/main/SECURITY.md#untrusted-models for more details). In a future release, the default value for `weights_only` will be flipped to `True`. This limits the functions that could be executed during unpickling. Arbitrary objects will no longer be allowed to be loaded via this mode unless they are explicitly allowlisted by the user via `torch.serialization.add_safe_globals`. We recommend you start setting `weights_only=True` for any use case where you don't have full control of the loaded file. Please open an issue on GitHub for any issues related to this experimental feature.
  norm_stats = torch.load(args.state_norm_stats, map_location="cpu")
[rank3]: Traceback (most recent call last):
[rank3]:   File "/project/llmsvgen/sunkai/robomaster_3d/Casual_CoAF/training/cog_video_training/finetrainers/examples/_legacy/training/cogvideox/cogvideox_image_to_video_lora_i2av.py", line 1188, in <module>
[rank3]:     main(args)
[rank3]:   File "/project/llmsvgen/sunkai/robomaster_3d/Casual_CoAF/training/cog_video_training/finetrainers/examples/_legacy/training/cogvideox/cogvideox_image_to_video_lora_i2av.py", line 752, in main
[rank3]:     sa_tokenizer = i2av_aux.sa_tokenizer
[rank3]:   File "/project/llmsvgen/yazhoux/miniconda3/envs/coaf_train/lib/python3.10/site-packages/torch/nn/modules/module.py", line 1931, in __getattr__
[rank3]:     raise AttributeError(
[rank3]: AttributeError: 'DistributedDataParallel' object has no attribute 'sa_tokenizer'
[rank0]: Traceback (most recent call last):
[rank0]:   File "/project/llmsvgen/sunkai/robomaster_3d/Casual_CoAF/training/cog_video_training/finetrainers/examples/_legacy/training/cogvideox/cogvideox_image_to_video_lora_i2av.py", line 1188, in <module>
[rank0]:     main(args)
[rank0]:   File "/project/llmsvgen/sunkai/robomaster_3d/Casual_CoAF/training/cog_video_training/finetrainers/examples/_legacy/training/cogvideox/cogvideox_image_to_video_lora_i2av.py", line 752, in main
[rank0]:     sa_tokenizer = i2av_aux.sa_tokenizer
[rank0]:   File "/project/llmsvgen/yazhoux/miniconda3/envs/coaf_train/lib/python3.10/site-packages/torch/nn/modules/module.py", line 1931, in __getattr__
[rank0]:     raise AttributeError(
[rank0]: AttributeError: 'DistributedDataParallel' object has no attribute 'sa_tokenizer'
[rank2]: Traceback (most recent call last):
[rank2]:   File "/project/llmsvgen/sunkai/robomaster_3d/Casual_CoAF/training/cog_video_training/finetrainers/examples/_legacy/training/cogvideox/cogvideox_image_to_video_lora_i2av.py", line 1188, in <module>
[rank2]:     main(args)
[rank2]:   File "/project/llmsvgen/sunkai/robomaster_3d/Casual_CoAF/training/cog_video_training/finetrainers/examples/_legacy/training/cogvideox/cogvideox_image_to_video_lora_i2av.py", line 752, in main
[rank2]:     sa_tokenizer = i2av_aux.sa_tokenizer
[rank2]:   File "/project/llmsvgen/yazhoux/miniconda3/envs/coaf_train/lib/python3.10/site-packages/torch/nn/modules/module.py", line 1931, in __getattr__
[rank2]:     raise AttributeError(
[rank2]: AttributeError: 'DistributedDataParallel' object has no attribute 'sa_tokenizer'
[rank1]: Traceback (most recent call last):
[rank1]:   File "/project/llmsvgen/sunkai/robomaster_3d/Casual_CoAF/training/cog_video_training/finetrainers/examples/_legacy/training/cogvideox/cogvideox_image_to_video_lora_i2av.py", line 1188, in <module>
[rank1]:     main(args)
[rank1]:   File "/project/llmsvgen/sunkai/robomaster_3d/Casual_CoAF/training/cog_video_training/finetrainers/examples/_legacy/training/cogvideox/cogvideox_image_to_video_lora_i2av.py", line 752, in main
[rank1]:     sa_tokenizer = i2av_aux.sa_tokenizer
[rank1]:   File "/project/llmsvgen/yazhoux/miniconda3/envs/coaf_train/lib/python3.10/site-packages/torch/nn/modules/module.py", line 1931, in __getattr__
[rank1]:     raise AttributeError(
[rank1]: AttributeError: 'DistributedDataParallel' object has no attribute 'sa_tokenizer'
[rank0]:[W527 06:52:37.302265344 ProcessGroupNCCL.cpp:1250] Warning: WARNING: process group has NOT been destroyed before we destruct ProcessGroupNCCL. On normal program exit, the application should call destroy_process_group to ensure that any pending NCCL operations have finished in this process. In rare cases this process can exit before this point and block the progress of another member of the process group. This constraint has always been present,  but this warning has only been added since PyTorch 2.4 (function operator())
W0527 06:52:38.708000 1492617 site-packages/torch/distributed/elastic/multiprocessing/api.py:897] Sending process 1495005 closing signal SIGTERM
W0527 06:52:38.710000 1492617 site-packages/torch/distributed/elastic/multiprocessing/api.py:897] Sending process 1495006 closing signal SIGTERM
W0527 06:52:38.710000 1492617 site-packages/torch/distributed/elastic/multiprocessing/api.py:897] Sending process 1495007 closing signal SIGTERM
E0527 06:52:39.238000 1492617 site-packages/torch/distributed/elastic/multiprocessing/api.py:869] failed (exitcode: 1) local_rank: 3 (pid: 1495008) of binary: /project/llmsvgen/yazhoux/miniconda3/envs/coaf_train/bin/python
Traceback (most recent call last):
  File "/project/llmsvgen/yazhoux/miniconda3/envs/coaf_train/lib/python3.10/runpy.py", line 196, in _run_module_as_main
    return _run_code(code, main_globals, None,
  File "/project/llmsvgen/yazhoux/miniconda3/envs/coaf_train/lib/python3.10/runpy.py", line 86, in _run_code
    exec(code, run_globals)
  File "/project/llmsvgen/yazhoux/miniconda3/envs/coaf_train/lib/python3.10/site-packages/accelerate/commands/launch.py", line 1415, in <module>
    main()
  File "/project/llmsvgen/yazhoux/miniconda3/envs/coaf_train/lib/python3.10/site-packages/accelerate/commands/launch.py", line 1411, in main
    launch_command(args)
  File "/project/llmsvgen/yazhoux/miniconda3/envs/coaf_train/lib/python3.10/site-packages/accelerate/commands/launch.py", line 1396, in launch_command
    multi_gpu_launcher(args)
  File "/project/llmsvgen/yazhoux/miniconda3/envs/coaf_train/lib/python3.10/site-packages/accelerate/commands/launch.py", line 1023, in multi_gpu_launcher
    distrib_run.run(args)
  File "/project/llmsvgen/yazhoux/miniconda3/envs/coaf_train/lib/python3.10/site-packages/torch/distributed/run.py", line 910, in run
    elastic_launch(
  File "/project/llmsvgen/yazhoux/miniconda3/envs/coaf_train/lib/python3.10/site-packages/torch/distributed/launcher/api.py", line 138, in __call__
    return launch_agent(self._config, self._entrypoint, list(args))
  File "/project/llmsvgen/yazhoux/miniconda3/envs/coaf_train/lib/python3.10/site-packages/torch/distributed/launcher/api.py", line 269, in launch_agent
    raise ChildFailedError(
torch.distributed.elastic.multiprocessing.errors.ChildFailedError: 
============================================================
cogvideox_image_to_video_lora_i2av.py FAILED
------------------------------------------------------------
Failures:
  <NO_OTHER_FAILURES>
------------------------------------------------------------
Root Cause (first observed failure):
[0]:
  time      : 2026-05-27_06:52:38
  host      : dgx-21.cm.cluster
  rank      : 3 (local_rank: 3)
  exitcode  : 1 (pid: 1495008)
  error_file: <N/A>
  traceback : To enable traceback see: https://pytorch.org/docs/stable/elastic/errors.html
============================================================
