Wed May 27 15:45:47 2026       
+-----------------------------------------------------------------------------------------+
| NVIDIA-SMI 570.158.01             Driver Version: 570.158.01     CUDA Version: 12.8     |
|-----------------------------------------+------------------------+----------------------+
| GPU  Name                 Persistence-M | Bus-Id          Disp.A | Volatile Uncorr. ECC |
| Fan  Temp   Perf          Pwr:Usage/Cap |           Memory-Usage | GPU-Util  Compute M. |
|                                         |                        |               MIG M. |
|=========================================+========================+======================|
|   0  NVIDIA H800                    On  |   00000000:43:00.0 Off |                    0 |
| N/A   21C    P0             68W /  700W |       0MiB /  81559MiB |      0%      Default |
|                                         |                        |             Disabled |
+-----------------------------------------+------------------------+----------------------+
|   1  NVIDIA H800                    On  |   00000000:52:00.0 Off |                    0 |
| N/A   25C    P0             66W /  700W |       0MiB /  81559MiB |      0%      Default |
|                                         |                        |             Disabled |
+-----------------------------------------+------------------------+----------------------+
|   2  NVIDIA H800                    On  |   00000000:61:00.0 Off |                    0 |
| N/A   33C    P0             74W /  700W |       0MiB /  81559MiB |      0%      Default |
|                                         |                        |             Disabled |
+-----------------------------------------+------------------------+----------------------+
|   3  NVIDIA H800                    On  |   00000000:9D:00.0 Off |                    0 |
| N/A   24C    P0             67W /  700W |       0MiB /  81559MiB |      0%      Default |
|                                         |                        |             Disabled |
+-----------------------------------------+------------------------+----------------------+
                                                                                         
+-----------------------------------------------------------------------------------------+
| Processes:                                                                              |
|  GPU   GI   CI              PID   Type   Process name                        GPU Memory |
|        ID   ID                                                               Usage      |
|=========================================================================================|
|  No running processes found                                                             |
+-----------------------------------------------------------------------------------------+
I2AV launch: 4 GPU(s), per-GPU batch=1, grad_accum=8, effective batch=32
===== Memory before training =====
memory_allocated=20.216 GB
max_memory_allocated=20.216 GB
max_memory_reserved=20.834 GB
***** Running training *****
  Num trainable parameters = 148973582
  Num examples = 5000
  Num batches each epoch = 1250
  Num epochs = 383
  Instantaneous batch size per device = 1
  Total train batch size (w. parallel, distributed & accumulation) = 32
  Gradient accumulation steps = 8
  Total optimization steps = 60000
Checkpoint 'latest' does not exist. Starting a new training run.
