Fri May 29 14:52:47 2026       
+-----------------------------------------------------------------------------------------+
| NVIDIA-SMI 570.158.01             Driver Version: 570.158.01     CUDA Version: 12.8     |
|-----------------------------------------+------------------------+----------------------+
| GPU  Name                 Persistence-M | Bus-Id          Disp.A | Volatile Uncorr. ECC |
| Fan  Temp   Perf          Pwr:Usage/Cap |           Memory-Usage | GPU-Util  Compute M. |
|                                         |                        |               MIG M. |
|=========================================+========================+======================|
|   0  NVIDIA H800                    On  |   00000000:D1:00.0 Off |                    0 |
| N/A   35C    P0             70W /  700W |       0MiB /  81559MiB |      0%      Default |
|                                         |                        |             Disabled |
+-----------------------------------------+------------------------+----------------------+
                                                                                         
+-----------------------------------------------------------------------------------------+
| Processes:                                                                              |
|  GPU   GI   CI              PID   Type   Process name                        GPU Memory |
|        ID   ID                                                               Usage      |
|=========================================================================================|
|  No running processes found                                                             |
+-----------------------------------------------------------------------------------------+
Inference output: /project/llmsvgen/sunkai/robomaster_3d/Casual_CoAF/training/cog_video_training/outputs/infer/i2av/v4_depth_rgb_256/checkpoint-60000
Wrote /project/llmsvgen/sunkai/robomaster_3d/Casual_CoAF/training/cog_video_training/outputs/infer/i2av/v4_depth_rgb_256/checkpoint-60000/sample_000.mp4
Wrote /project/llmsvgen/sunkai/robomaster_3d/Casual_CoAF/training/cog_video_training/outputs/infer/i2av/v4_depth_rgb_256/checkpoint-60000/sample_001.mp4
Wrote /project/llmsvgen/sunkai/robomaster_3d/Casual_CoAF/training/cog_video_training/outputs/infer/i2av/v4_depth_rgb_256/checkpoint-60000/sample_002.mp4
Wrote /project/llmsvgen/sunkai/robomaster_3d/Casual_CoAF/training/cog_video_training/outputs/infer/i2av/v4_depth_rgb_256/checkpoint-60000/sample_003.mp4
Wrote /project/llmsvgen/sunkai/robomaster_3d/Casual_CoAF/training/cog_video_training/outputs/infer/i2av/v4_depth_rgb_256/checkpoint-60000/sample_004.mp4
Wrote /project/llmsvgen/sunkai/robomaster_3d/Casual_CoAF/training/cog_video_training/outputs/infer/i2av/v4_depth_rgb_256/checkpoint-60000/sample_005.mp4
Wrote /project/llmsvgen/sunkai/robomaster_3d/Casual_CoAF/training/cog_video_training/outputs/infer/i2av/v4_depth_rgb_256/checkpoint-60000/sample_006.mp4
Wrote /project/llmsvgen/sunkai/robomaster_3d/Casual_CoAF/training/cog_video_training/outputs/infer/i2av/v4_depth_rgb_256/checkpoint-60000/sample_007.mp4
